<?xml version="1.0" encoding="UTF-8"?>
<testsuite xmlns:xsi="http://www.w3.org/2001/XMLSchema-instance" xsi:noNamespaceSchemaLocation="https://maven.apache.org/surefire/maven-surefire-plugin/xsd/surefire-test-report.xsd" name="TestSuite" time="7.887" tests="8" errors="0" skipped="0" failures="1">
  <properties>
    <property name="java.runtime.name" value="Java(TM) SE Runtime Environment"/>
    <property name="sun.boot.library.path" value="C:\Program Files\Java\jre1.8.0_144\bin"/>
    <property name="java.vm.version" value="25.144-b01"/>
    <property name="java.vm.vendor" value="Oracle Corporation"/>
    <property name="maven.multiModuleProjectDirectory" value="D:\Users\asingh6766\eclipse-workspace\RestAssuredAPIFramework"/>
    <property name="java.vendor.url" value="http://java.oracle.com/"/>
    <property name="path.separator" value=";"/>
    <property name="guice.disable.misplaced.annotation.check" value="true"/>
    <property name="java.vm.name" value="Java HotSpot(TM) 64-Bit Server VM"/>
    <property name="file.encoding.pkg" value="sun.io"/>
    <property name="user.script" value=""/>
    <property name="user.country" value="US"/>
    <property name="sun.java.launcher" value="SUN_STANDARD"/>
    <property name="sun.os.patch.level" value=""/>
    <property name="java.vm.specification.name" value="Java Virtual Machine Specification"/>
    <property name="user.dir" value="D:\Users\asingh6766\eclipse-workspace\RestAssuredAPIFramework"/>
    <property name="java.runtime.version" value="1.8.0_144-b01"/>
    <property name="java.awt.graphicsenv" value="sun.awt.Win32GraphicsEnvironment"/>
    <property name="java.endorsed.dirs" value="C:\Program Files\Java\jre1.8.0_144\lib\endorsed"/>
    <property name="os.arch" value="amd64"/>
    <property name="java.io.tmpdir" value="D:\Users\ASINGH~1\AppData\Local\Temp\"/>
    <property name="line.separator" value="&#10;"/>
    <property name="java.vm.specification.vendor" value="Oracle Corporation"/>
    <property name="user.variant" value=""/>
    <property name="os.name" value="Windows 10"/>
    <property name="classworlds.conf" value="D:\Users\asingh6766\eclipse-workspace\.metadata\.plugins\org.eclipse.m2e.launching\launches\m2conf1070924814088752659.tmp"/>
    <property name="sun.jnu.encoding" value="Cp1252"/>
    <property name="java.library.path" value="C:\Program Files\Java\jre1.8.0_144\bin;C:\Windows\Sun\Java\bin;C:\Windows\system32;C:\Windows;C:/Program Files/Java/jre1.8.0_144/bin/server;C:/Program Files/Java/jre1.8.0_144/bin;C:/Program Files/Java/jre1.8.0_144/lib/amd64;C:\Python27\;C:\Python27\Scripts;C:\ProgramData\Oracle\Java\javapath;C:\Windows\system32;C:\Windows;C:\Windows\System32\Wbem;C:\Windows\System32\WindowsPowerShell\v1.0\;C:\Windows\System32\OpenSSH\;C:\Program Files\Intel\WiFi\bin\;C:\Program Files\Common Files\Intel\WirelessCommon\;C:\Program Files\PuTTY\;C:\Program Files\Java\jdk1.8.0_144\bin;C:\Program Files\apache-maven-3.6.2\bin;D:\Work_Soft\Gradle\gradle-6.1-bin\gradle-6.1\bin;C:\Program Files\nodejs\;C:\ProgramData\chocolatey\bin;D:\Users\asingh6766\AppData\Local\Microsoft\WindowsApps;D:\Users\asingh6766\AppData\Local\Programs\Git\cmd;D:\Users\asingh6766\AppData\Local\Programs\Microsoft VS Code\bin;C:\Windows\system32;;."/>
    <property name="java.specification.name" value="Java Platform API Specification"/>
    <property name="java.class.version" value="52.0"/>
    <property name="sun.management.compiler" value="HotSpot 64-Bit Tiered Compilers"/>
    <property name="os.version" value="10.0"/>
    <property name="user.home" value="D:\Users\asingh6766"/>
    <property name="user.timezone" value="Asia/Calcutta"/>
    <property name="java.awt.printerjob" value="sun.awt.windows.WPrinterJob"/>
    <property name="java.specification.version" value="1.8"/>
    <property name="file.encoding" value="Cp1252"/>
    <property name="user.name" value="asingh6766"/>
    <property name="java.class.path" value="D:\Users\asingh6766\.p2\pool\plugins\org.eclipse.m2e.maven.runtime_1.13.0.20190716-1623\jars\plexus-classworlds-2.6.0.jar"/>
    <property name="java.vm.specification.version" value="1.8"/>
    <property name="sun.arch.data.model" value="64"/>
    <property name="java.home" value="C:\Program Files\Java\jre1.8.0_144"/>
    <property name="sun.java.command" value="org.codehaus.plexus.classworlds.launcher.Launcher -B test"/>
    <property name="java.specification.vendor" value="Oracle Corporation"/>
    <property name="user.language" value="en"/>
    <property name="awt.toolkit" value="sun.awt.windows.WToolkit"/>
    <property name="java.vm.info" value="mixed mode"/>
    <property name="java.version" value="1.8.0_144"/>
    <property name="java.ext.dirs" value="C:\Program Files\Java\jre1.8.0_144\lib\ext;C:\Windows\Sun\Java\lib\ext"/>
    <property name="sun.boot.class.path" value="C:\Program Files\Java\jre1.8.0_144\lib\resources.jar;C:\Program Files\Java\jre1.8.0_144\lib\rt.jar;C:\Program Files\Java\jre1.8.0_144\lib\sunrsasign.jar;C:\Program Files\Java\jre1.8.0_144\lib\jsse.jar;C:\Program Files\Java\jre1.8.0_144\lib\jce.jar;C:\Program Files\Java\jre1.8.0_144\lib\charsets.jar;C:\Program Files\Java\jre1.8.0_144\lib\jfr.jar;C:\Program Files\Java\jre1.8.0_144\classes"/>
    <property name="java.vendor" value="Oracle Corporation"/>
    <property name="maven.home" value="D:\Users\asingh6766\eclipse-workspace\RestAssuredAPIFramework\EMBEDDED"/>
    <property name="file.separator" value="\"/>
    <property name="java.vendor.url.bug" value="http://bugreport.sun.com/bugreport/"/>
    <property name="sun.cpu.endian" value="little"/>
    <property name="sun.io.unicode.encoding" value="UnicodeLittle"/>
    <property name="sun.desktop" value="windows"/>
    <property name="sun.cpu.isalist" value="amd64"/>
  </properties>
  <testcase name="createUserAPIPOSTTest" classname="com.qa.gorest.tests.CreateUserAPITest" time="3.164"/>
  <testcase name="createUserAPIPOSTTest" classname="com.qa.gorest.tests.CreateUserAPITest" time="0.457"/>
  <testcase name="createUserAPIPOSTTest" classname="com.qa.gorest.tests.CreateUserAPITest" time="0.116"/>
  <testcase name="createUserAPIPOSTTest" classname="com.qa.gorest.tests.CreateUserAPITest" time="0.412"/>
  <testcase name="createUserAPIPOSTTest" classname="com.qa.gorest.tests.CreateUserAPITest" time="0.415"/>
  <testcase name="getUserListAPITest" classname="com.qa.gorest.tests.GetUserAPITest" time="0.392"/>
  <testcase name="deleteUserTest" classname="com.qa.gorest.tests.DeleteUserAPITest" time="0.394">
    <failure message="expected [18] but found [24]" type="java.lang.AssertionError">java.lang.AssertionError: expected [18] but found [24]
	at com.qa.gorest.tests.DeleteUserAPITest.deleteUserTest(DeleteUserAPITest.java:69)
</failure>
    <system-out><![CDATA[I am in onTestSuccess method createUserAPIPOSTTest succeed
I am in onTestStart method createUserAPIPOSTTest start
I am in onTestStart method createUserAPIPOSTTest start
Payload: {"first_name":"elina","last_name":"L","gender":"female","dob":"01-01-1978","email":"elina12@gmail.com","phone":"'1-222-333-2326","address":"test address pune","website":"http://www.google.com","status":"active"}
Request method:	POST
Request URI:	https://gorest.co.in/public-api/users
Proxy:			<none>
Request params:	<none>
Query params:	<none>
Form params:	<none>
Path params:	<none>
Headers:		Authorization=Bearer g0JIGvfO6SIYnwmMYDM-Kp3nCYVw-xInSDif
				Accept=*/*
				Content-Type=application/json; charset=UTF-8
Cookies:		<none>
Multiparts:		<none>
Body:
{
    "first_name": "elina",
    "last_name": "L",
    "gender": "female",
    "dob": "01-01-1978",
    "email": "elina12@gmail.com",
    "phone": "'1-222-333-2326",
    "address": "test address pune",
    "website": "http://www.google.com",
    "status": "active"
}
{
    "_meta": {
        "success": true,
        "code": 204,
        "message": "The request was handled successfully and the response contains no body content.",
        "rateLimit": {
            "limit": 30,
            "remaining": 24,
            "reset": 12
        }
    },
    "result": null
}
{
    "_meta": {
        "success": true,
        "code": 204,
        "message": "The request was handled successfully and the response contains no body content.",
        "rateLimit": {
            "limit": 30,
            "remaining": 24,
            "reset": 12
        }
    },
    "result": null
}
delete user api response status code: 204
302
{
    "_meta": {
        "success": true,
        "code": 201,
        "message": "A resource was successfully created in response to a POST request. The Location header contains the URL pointing to the newly created resource.",
        "rateLimit": {
            "limit": 30,
            "remaining": 23,
            "reset": 14
        }
    },
    "result": {
        "id": "12393",
        "first_name": "Priyanka",
        "last_name": "J",
        "gender": "male",
        "dob": "1989-08-15",
        "email": "priyankaq234@gmail.com",
        "phone": "+1-994-294-3428",
        "website": "https://www.vbc.com",
        "address": "test address",
        "status": "active",
        "_links": {
            "self": {
                "href": "https://gorest.co.in/public-api/users/12393"
            },
            "edit": {
                "href": "https://gorest.co.in/public-api/users/12393"
            },
            "avatar": {
                "href": null
            }
        }
    }
}
{
    "_meta": {
        "success": true,
        "code": 201,
        "message": "A resource was successfully created in response to a POST request. The Location header contains the URL pointing to the newly created resource.",
        "rateLimit": {
            "limit": 30,
            "remaining": 23,
            "reset": 14
        }
    },
    "result": {
        "id": "12393",
        "first_name": "Priyanka",
        "last_name": "J",
        "gender": "male",
        "dob": "1989-08-15",
        "email": "priyankaq234@gmail.com",
        "phone": "+1-994-294-3428",
        "website": "https://www.vbc.com",
        "address": "test address",
        "status": "active",
        "_links": {
            "self": {
                "href": "https://gorest.co.in/public-api/users/12393"
            },
            "edit": {
                "href": "https://gorest.co.in/public-api/users/12393"
            },
            "avatar": {
                "href": null
            }
        }
    }
}
new user id: 12393
========
Payload: {"first_name":"Priyanka","last_name":"J","gender":"male","dob":"15-08-1989","email":"priyankaq234@gmail.com","phone":"+1-194-294-0338","address":"test address","website":"https://www.vbc.com","status":"active"}
Request method:	PUT
Request URI:	https://gorest.co.in/public-api/users/12393
Proxy:			<none>
Request params:	<none>
Query params:	<none>
Form params:	<none>
Path params:	<none>
Headers:		Authorization=Bearer g0JIGvfO6SIYnwmMYDM-Kp3nCYVw-xInSDif
				Accept=*/*
				Content-Type=application/json; charset=UTF-8
Cookies:		<none>
Multiparts:		<none>
Body:
{
    "first_name": "Priyanka",
    "last_name": "J",
    "gender": "male",
    "dob": "15-08-1989",
    "email": "priyankaq234@gmail.com",
    "phone": "+1-194-294-0338",
    "address": "test address",
    "website": "https://www.vbc.com",
    "status": "active"
}
I am in onTestFailure method deleteUserTest failed
]]></system-out>
  </testcase>
  <testcase name="createANewUserAPIPUTTest_WithSetter" classname="com.qa.gorest.tests.UpdateUserAPITest" time="0.402"/>
</testsuite>