<?xml version="1.0" encoding="UTF-8"?>
<!-- Generated by org.testng.reporters.JUnitReportReporter -->
<testsuite skipped="0" hostname="AIPL2361LT06766" name="com.qa.gorest.tests.DeleteUserAPITest" tests="1" failures="0" timestamp="04 Jun 2020 07:15:35 GMT" time="10.752" errors="0">
  <testcase name="deleteUserTest" time="10.752" classname="com.qa.gorest.tests.DeleteUserAPITest"/>
</testsuite> <!-- com.qa.gorest.tests.DeleteUserAPITest -->
