<?xml version="1.0" encoding="UTF-8"?>
<!-- Generated by org.testng.reporters.JUnitReportReporter -->
<testsuite skipped="1" hostname="AIPL-PUN-LT-081" name="com.qa.gorest.tests.UpdateUserAPITest" tests="2" failures="0" timestamp="2020-03-31T11:35:44 IST" time="0.881" errors="0">
  <testcase name="createANewUserAPIPUTTest_WithSetter" time="0.881" classname="com.qa.gorest.tests.UpdateUserAPITest"/>
  <system-out/>
  <testcase name="createANewUserAPIPUTTest_WithConstructor" classname="com.qa.gorest.tests.UpdateUserAPITest">
    <skipped/>
  </testcase> <!-- createANewUserAPIPUTTest_WithConstructor -->
  <system-out/>
</testsuite> <!-- com.qa.gorest.tests.UpdateUserAPITest -->
