<?xml version="1.0" encoding="UTF-8"?>
<!-- Generated by org.testng.reporters.JUnitReportReporter -->
<testsuite skipped="0" hostname="AIPL-PUN-LT-081" name="com.qa.gorest.tests.CreateUserAPITest" tests="5" failures="0" timestamp="2020-03-31T11:35:44 IST" time="4.007" errors="0">
  <testcase name="createUserAPIPOSTTest" time="0.412" classname="com.qa.gorest.tests.CreateUserAPITest"/>
  <system-out/>
  <testcase name="createUserAPIPOSTTest" time="0.457" classname="com.qa.gorest.tests.CreateUserAPITest"/>
  <system-out/>
  <testcase name="createUserAPIPOSTTest" time="0.439" classname="com.qa.gorest.tests.CreateUserAPITest"/>
  <system-out/>
  <testcase name="createUserAPIPOSTTest" time="2.264" classname="com.qa.gorest.tests.CreateUserAPITest"/>
  <system-out/>
  <testcase name="createUserAPIPOSTTest" time="0.435" classname="com.qa.gorest.tests.CreateUserAPITest"/>
  <system-out/>
</testsuite> <!-- com.qa.gorest.tests.CreateUserAPITest -->
