<?xml version="1.0" encoding="UTF-8"?>
<!-- Generated by org.testng.reporters.JUnitReportReporter -->
<testsuite skipped="0" hostname="AIPL-PUN-LT-081" name="com.qa.util.ExcelUtility" tests="5" failures="0" timestamp="06 Apr 2020 16:54:35 GMT" time="0.094" errors="0">
  <testcase name="createUser" time="0.004" classname="com.qa.util.ExcelUtility"/>
  <testcase name="createUser" time="0.003" classname="com.qa.util.ExcelUtility"/>
  <testcase name="createUser" time="0.003" classname="com.qa.util.ExcelUtility"/>
  <testcase name="createUser" time="0.002" classname="com.qa.util.ExcelUtility"/>
  <testcase name="createUser" time="0.082" classname="com.qa.util.ExcelUtility"/>
</testsuite> <!-- com.qa.util.ExcelUtility -->
