<?xml version="1.0" encoding="UTF-8"?>
<!-- Generated by org.testng.reporters.JUnitReportReporter -->
<testsuite skipped="0" hostname="AIPL2361LT06766" name="com.qa.gorest.tests.GetUserAPITest" tests="1" failures="0" timestamp="04 Jun 2020 07:15:35 GMT" time="4.629" errors="0">
  <testcase name="getUserListAPITest" time="4.629" classname="com.qa.gorest.tests.GetUserAPITest"/>
</testsuite> <!-- com.qa.gorest.tests.GetUserAPITest -->
