<?xml version="1.0" encoding="UTF-8"?>
<!-- Generated by org.testng.reporters.JUnitReportReporter -->
<testsuite skipped="1" hostname="AIPL2361LT06766" name="com.qa.gorest.tests.UpdateUserAPITest" tests="2" failures="0" timestamp="04 Jun 2020 07:15:35 GMT" time="7.056" errors="0">
  <testcase name="createANewUserAPIPUTTest_WithSetter" time="7.056" classname="com.qa.gorest.tests.UpdateUserAPITest"/>
  <testcase name="createANewUserAPIPUTTest_WithConstructor" classname="com.qa.gorest.tests.UpdateUserAPITest">
    <skipped/>
  </testcase> <!-- createANewUserAPIPUTTest_WithConstructor -->
</testsuite> <!-- com.qa.gorest.tests.UpdateUserAPITest -->
