<?xml version="1.0" encoding="UTF-8"?>
<!-- Generated by org.testng.reporters.JUnitReportReporter -->
<testsuite skipped="0" hostname="AIPL-PUN-LT-081" name="com.qa.gorest.tests.GetUserAPITest" tests="1" failures="0" timestamp="2020-03-31T11:35:44 IST" time="0.697" errors="0">
  <testcase name="getUserListAPITest" time="0.697" classname="com.qa.gorest.tests.GetUserAPITest"/>
  <system-out/>
</testsuite> <!-- com.qa.gorest.tests.GetUserAPITest -->
