<?xml version="1.0" encoding="UTF-8"?>
<!-- Generated by org.testng.reporters.JUnitReportReporter -->
<testsuite skipped="0" hostname="AIPL-PUN-LT-081" name="com.qa.gorest.tests.GetUserAPITest" tests="1" failures="0" timestamp="06 Apr 2020 01:52:17 GMT" time="5.166" errors="0">
  <testcase name="getUserListAPITest" time="5.166" classname="com.qa.gorest.tests.GetUserAPITest"/>
</testsuite> <!-- com.qa.gorest.tests.GetUserAPITest -->
