<?xml version="1.0" encoding="UTF-8"?>
<!-- Generated by org.testng.reporters.JUnitReportReporter -->
<testsuite skipped="1" hostname="AIPL-PUN-LT-081" name="com.qa.gorest.tests.UpdateUserAPITest" tests="2" failures="0" timestamp="06 Apr 2020 01:52:17 GMT" time="0.933" errors="0">
  <testcase name="createANewUserAPIPUTTest_WithSetter" time="0.933" classname="com.qa.gorest.tests.UpdateUserAPITest"/>
  <testcase name="createANewUserAPIPUTTest_WithConstructor" classname="com.qa.gorest.tests.UpdateUserAPITest">
    <skipped/>
  </testcase> <!-- createANewUserAPIPUTTest_WithConstructor -->
</testsuite> <!-- com.qa.gorest.tests.UpdateUserAPITest -->
