<?xml version="1.0" encoding="UTF-8"?>
<!-- Generated by org.testng.reporters.JUnitReportReporter -->
<testsuite skipped="0" hostname="AIPL-PUN-LT-081" name="com.qa.gorest.tests.CreateUserAPITest" tests="5" failures="0" timestamp="06 Apr 2020 01:52:17 GMT" time="4.906" errors="0">
  <testcase name="createUserAPIPOSTTest" time="0.510" classname="com.qa.gorest.tests.CreateUserAPITest"/>
  <testcase name="createUserAPIPOSTTest" time="0.410" classname="com.qa.gorest.tests.CreateUserAPITest"/>
  <testcase name="createUserAPIPOSTTest" time="0.490" classname="com.qa.gorest.tests.CreateUserAPITest"/>
  <testcase name="createUserAPIPOSTTest" time="3.082" classname="com.qa.gorest.tests.CreateUserAPITest"/>
  <testcase name="createUserAPIPOSTTest" time="0.414" classname="com.qa.gorest.tests.CreateUserAPITest"/>
</testsuite> <!-- com.qa.gorest.tests.CreateUserAPITest -->
